-8.76211 -8.76436
-4.69549 -4.68855
-4.35986 -4.36175
-7.64058 -7.64576
-7.70901 -7.71331
-7.85578 -7.85872
-7.41224 -7.41128
-5.07839 -5.06942
-7.34816 -7.35317
-6.42371 -6.42514
-7.15682 -7.16349
-5.17239 -5.1642
-7.77414 -7.77192
-8.18322 -8.1821
-8.33553 -8.33215
-7.48266 -7.48349
-7.02134 -7.03194
-6.37488 -6.37763
-8.14105 -8.14413
-5.61646 -5.61758
-7.75537 -7.74918
-6.08105 -6.07895
-7.00435 -7.00647
-6.04896 -6.05152
-7.55154 -7.55329
-8.05262 -8.05108
-7.74953 -7.74937
-5.55506 -5.55434
-8.10848 -8.11089
-8.51434 -8.51437
-8.29403 -8.29657
-8.01838 -8.0146
-7.79394 -7.79089
-7.74664 -7.74312
-8.60658 -8.6058
-5.86887 -5.87303
-7.58834 -7.59116
-7.22879 -7.23403
-6.37735 -6.36965
-6.77213 -6.77344
-8.43115 -8.43527
-5.28255 -5.28701
-7.01879 -7.01757
-7.84018 -7.83884
-7.88521 -7.88187
-8.07966 -8.07945
-7.76903 -7.76891
-7.245 -7.24921
-8.2836 -8.28033
-7.89349 -7.89149
-8.30106 -8.29884
-5.87776 -5.88337
-7.7406 -7.74469
-7.89979 -7.90069
-8.42546 -8.42535
-8.19658 -8.19479
-6.77015 -6.77257
-7.5714 -7.57032
-8.56246 -8.55948
-8.29211 -8.29354
-8.22354 -8.22861
-7.82518 -7.8219
-8.01171 -8.01693
-7.3244 -7.32709
-8.0171 -8.02051
-7.42224 -7.42248
-7.98948 -7.98474
-6.996 -6.98793
-6.97367 -6.97295
-8.29058 -8.28599
-6.81298 -6.8163
-7.90301 -7.90109
-8.15139 -8.14956
-8.29268 -8.28936
-8.17139 -8.17231
-7.33248 -7.33065
-8.09784 -8.09946
-8.32518 -8.3226
-7.40282 -7.39938
-6.75171 -6.7519
-8.09956 -8.10158
-7.03292 -7.03283
-8.18698 -8.18904
-7.70654 -7.7106
-5.30928 -5.30994
-6.7894 -6.78349
-8.12788 -8.12759
-8.69827 -8.70004
-8.11506 -8.10855
-8.61217 -8.61349
-7.51531 -7.51579
-7.75911 -7.76753
-7.02141 -7.01646
-6.76972 -6.76826
-5.89454 -5.89648
-8.15563 -8.16284
-8.19536 -8.19829
-8.67986 -8.68147
-8.34775 -8.34953
-8.3599 -8.36068
-7.93224 -7.93536
-7.67615 -7.66876
-7.86753 -7.86738
-7.89739 -7.90047
-7.70456 -7.69762
-5.76662 -5.76612
-7.70843 -7.70762
-7.97934 -7.97566
-8.72803 -8.7277
-7.47874 -7.47891
-7.75077 -7.75617
-7.52242 -7.52377
-8.46689 -8.46924
-7.88816 -7.88845
-7.37822 -7.37762
-8.53379 -8.53247
-7.67558 -7.67655
-8.56344 -8.56716
-7.38326 -7.38562
-8.08744 -8.08625
-6.13382 -6.13527
-7.78804 -7.79179
-8.25265 -8.25525
-8.51874 -8.5196
-8.31455 -8.31469
-6.52023 -6.51833
-7.55547 -7.55136
-8.44177 -8.43943
-8.35757 -8.35633
-8.1732 -8.17333
-8.08936 -8.08046
-8.05145 -8.05111
-8.20644 -8.2019
-8.13572 -8.13256
-7.73198 -7.73065
-7.87217 -7.87648
-8.10881 -8.11114
-7.67006 -7.67196
-7.8276 -7.82265
-7.97424 -7.97375
-8.43018 -8.42932
-8.1459 -8.14683
-8.46447 -8.46474
-8.19846 -8.19391
-7.88727 -7.8882
-7.96264 -7.96321
-8.27579 -8.27248
-7.89206 -7.89954
-7.83619 -7.83452
-8.39077 -8.39223
-7.86004 -7.86216
-8.2263 -8.22401
-8.22062 -8.21231
-7.91727 -7.91848
-8.24241 -8.2439
-7.2711 -7.27357
-8.05832 -8.05595
-8.3283 -8.32799
-8.52467 -8.52336
-7.82394 -7.81384
-8.29386 -8.29635
-8.54989 -8.55148
-7.96554 -7.95967
-8.02067 -8.02378
-8.35352 -8.35639
-8.19325 -8.19126
-7.69377 -7.69176
-8.01267 -8.01182
-7.95291 -7.94984
-8.38629 -8.38776
-7.60196 -7.60874
-8.48396 -8.48542
-8.77924 -8.78015
-8.20711 -8.20774
-7.79218 -7.79119
-7.86885 -7.8717
-8.06312 -8.06361
-8.59976 -8.60091
-7.86522 -7.87211
-8.48548 -8.48971
-8.21539 -8.21463
-7.96492 -7.96666
-7.72193 -7.7202
-8.05546 -8.05111
-8.30322 -8.30213
-8.31843 -8.3178
-8.31261 -8.31404
-8.50344 -8.50611
-7.8217 -7.81921
-8.18455 -8.18589
-8.31578 -8.31573
-8.39324 -8.39304
-8.04951 -8.04706
-8.54478 -8.54532
-8.44346 -8.4434
-8.38741 -8.38723
-8.23161 -8.23242
-8.22172 -8.22019
-7.85045 -7.85459
-8.28322 -8.27872
-8.03833 -8.03928
-8.24032 -8.24186
-8.75548 -8.75773
-8.11325 -8.11666
-8.3454 -8.34651
-8.56129 -8.55803
-8.26923 -8.27068
-7.69346 -7.6857
-7.80295 -7.80378
-8.37321 -8.37688
-8.68309 -8.68172
-8.44335 -8.44259
-8.29809 -8.30021
-8.24736 -8.24547
-8.36194 -8.36642
-8.31679 -8.31558
-8.24145 -8.23711
-8.46693 -8.4671
-8.59207 -8.59258
-8.76737 -8.76911
-7.90334 -7.90112
-8.69383 -8.69397
-8.13871 -8.13687
-8.38221 -8.38305
-8.26936 -8.26415
-8.42033 -8.41825
-8.4026 -8.40267
-7.79328 -7.79276
-8.43109 -8.43314
-8.07777 -8.07765
-8.54888 -8.54992
-8.72984 -8.73079
-8.1308 -8.12395
-8.14835 -8.15295
-8.0605 -8.06019
-8.42546 -8.42609
-8.40591 -8.40881
-8.33126 -8.33154
-8.3124 -8.31121
-8.23831 -8.23988
-8.41493 -8.41314
-8.35199 -8.35385
-8.2168 -8.21327
-8.55348 -8.55627
-8.62886 -8.62557
-8.61237 -8.61303
-8.09143 -8.09486
-8.4855 -8.48575
-8.19618 -8.19367
-7.92846 -7.92368
-8.33302 -8.33132
-8.00308 -8.00908
-8.17259 -8.16976
-8.20929 -8.21143
-8.6517 -8.65026
-8.50074 -8.50178
-8.61515 -8.61511
-8.25373 -8.25789
-8.60147 -8.60177
-8.60434 -8.60241
-8.37748 -8.38295
-8.38493 -8.38379
-8.18204 -8.18025
-8.29366 -8.29172
-8.44476 -8.44422
-8.18501 -8.18573
-8.5537 -8.5518
-8.63895 -8.63755
-8.34447 -8.34611
-8.31138 -8.31205
-8.04158 -8.04402
-8.65343 -8.65274
-8.21307 -8.21325
-8.29509 -8.29549
-8.53867 -8.53759
-8.61504 -8.6155
-8.57969 -8.58285
-8.47486 -8.47522
-8.39057 -8.38883
-8.18568 -8.18633
-8.52672 -8.52647
-8.54771 -8.55095
-7.88356 -7.88699
-8.04821 -8.04463
-8.42992 -8.42889
-8.64618 -8.64421
-8.06473 -8.06444
-8.16078 -8.15414
-8.69137 -8.69135
-7.98267 -7.97827
-7.9558 -7.95367
-8.43777 -8.43807
-8.65577 -8.65724
-7.87882 -7.87889
-8.38616 -8.38577
-8.38794 -8.38825
-8.2013 -8.19751
-8.80188 -8.80241
-8.23409 -8.23386
-8.58225 -8.58442
-8.6274 -8.62819
-8.6054 -8.60632
-8.40278 -8.40306
-8.37873 -8.38089
-8.54126 -8.5403
-8.1748 -8.17556
-8.59784 -8.59572
-8.38391 -8.38819
