-0.0588574 -0.07205 -0.01584 -0.0497034 -0.0604024 -0.020096 -0.087037 -0.0987843 -0.0155298 -0.0498284 -0.0587916 -0.0218844
5.03009 17.342 0.678959 7.97073 2.5913 1.52431 5.05168 17.3034 0.51768 8.00981 2.67344 1.58258
5.819 6.24824 11.6239 6.14748 6.4367 5.98781 5.99005 6.22704 11.6919 6.10354 6.43152 6.00392
6.45981 1.41619 3.29079 -0.48242 -0.423345 1.6093 6.40653 1.41485 3.24702 -0.50579 -0.394067 1.57168
0.951285 4.31025 -0.00724064 2.29259 0.811603 0.159489 1.10982 4.40379 -0.0938714 2.26678 0.78445 0.145787
0.739107 2.15001 5.08526 0.0697415 -0.0335945 0.449623 0.637494 2.13081 5.06428 0.0320743 -0.01145 0.425787
0.661013 0.714764 0.414005 0.696892 2.26507 1.424 0.691436 0.940856 0.666613 0.614289 2.00515 1.22562
8.71888 8.87465 5.9998 8.50125 -2.33009 -2.1602 8.64158 8.88959 6.02019 8.45658 -2.319 -2.10163
6.49358 1.31299 1.31625 1.97084 -0.194229 -0.932876 6.83207 1.20854 1.26278 2.0892 -0.0996186 -0.906254
-0.256382 7.87529 1.7797 0.815784 -5.60651 -0.802565 -0.328643 8.01394 1.77294 0.819333 -5.64795 -0.7921
0.0216575 0.59598 8.28016 0.643932 -0.588152 0.289069 0.117996 0.572686 8.32738 0.590329 -0.601804 0.300866
4.60792 9.00216 9.84616 4.63959 -2.80105 -0.0166109 4.55483 8.8444 9.94559 4.78904 -2.78025 -0.120204
-0.692849 2.8006 1.76496 0.915385 -0.478584 -0.473067 -0.707481 2.85317 1.73469 0.988673 -0.510076 -0.5106
1.98933 1.9826 1.02008 -0.168939 -0.600966 0.993316 2.11973 1.88604 0.949696 -0.122081 -0.62261 0.984959
0.868657 2.54723 0.371517 0.0442518 -0.0650741 -0.0728373 0.76968 2.58911 0.471923 0.04515 -0.0672286 -0.0812829
1.66772 5.55208 0.718102 1.76456 -0.626059 -0.0380875 1.58873 5.58197 0.595647 1.70494 -0.61386 -0.0286186
9.41066 2.20484 0.296579 -0.646464 0.285839 0.703567 9.55417 1.9786 0.354094 -0.90912 0.221953 0.696389
11.8708 -0.0512382 1.41661 0.701789 0.0916338 2.84824 11.8881 0.124013 1.39242 0.683559 0.119479 2.86073
0.169942 0.988493 -0.508611 0.114877 0.450785 0.160874 0.205874 1.01073 -0.47775 0.225039 0.458039 0.164453
6.63086 8.00164 2.5517 6.61019 -4.01244 -2.52486 6.52518 7.98223 2.58456 6.53478 -3.98901 -2.56667
3.22949 2.50503 1.27851 0.255042 3.94486 0.242926 3.19291 2.61985 1.1974 0.202094 3.93945 0.366319
9.55721 1.16026 6.52267 -1.59514 0.47849 4.90209 9.62876 1.08806 6.44879 -1.48574 0.446673 4.79418
7.7619 2.18785 3.43205 -2.22909 -0.0337265 1.762 7.77796 2.18064 3.36431 -2.20392 -0.0330314 1.71959
7.13487 5.88233 2.66117 4.65176 1.64991 1.81838 7.06211 6.02493 2.60609 4.64121 1.62106 1.80168
6.46228 1.16962 0.341127 0.52004 -0.0985366 0.313279 6.52187 1.14009 0.362231 0.489074 -0.0926086 0.324151
1.58923 0.591443 -0.316876 -0.344271 0.513274 -0.643259 1.68417 0.66142 -0.363553 -0.387909 0.495504 -0.65018
3.65682 0.554835 3.94324 -0.423355 1.1453 1.09143 3.74398 0.539627 3.91501 -0.445894 1.15502 1.08835
3.71008 12.1076 4.34483 3.88951 -4.5127 -1.52522 3.6717 12.0527 4.40357 4.00302 -4.53355 -1.58207
2.15868 0.0734648 2.64868 2.09826 -0.146453 -0.43607 2.12946 0.00043 2.6242 2.08624 -0.144279 -0.429673
1.79272 2.50049 1.73887 0.177761 -0.0664863 0.192056 1.8184 2.50702 1.73469 0.173021 -0.0800768 0.200855
-0.725309 -1.02004 0.344069 0.0442347 0.945755 0.454997 -0.713396 -1.0115 0.357626 0.0307129 0.981281 0.47436
2.31387 1.50429 2.50314 -0.583736 1.28196 -0.247519 2.20853 1.50847 2.56152 -0.537124 1.27415 -0.204949
2.15163 -0.357039 4.71476 0.66685 -0.494582 -0.165159 2.33777 -0.461763 4.73251 0.64255 -0.540277 -0.20266
3.72216 0.452995 1.20943 -0.464534 0.860661 -0.861094 3.90512 0.382236 1.22297 -0.493027 0.90387 -0.772929
2.38719 2.50975 0.359271 -0.0355904 -0.00878447 -0.0338894 2.41161 2.50801 0.334453 -0.0243046 -0.00789893 -0.0383671
3.53009 11.2021 4.3674 5.34251 0.0676237 -1.00359 3.58522 11.1663 4.363 5.27279 0.0551029 -1.04
5.32705 4.11217 1.69272 -2.33709 -1.12699 0.860973 5.40624 4.03941 1.65266 -2.31502 -1.20433 0.893359
3.88499 5.8006 1.65101 3.19742 -1.81709 -2.14797 3.73895 5.69651 1.65048 3.17629 -1.82374 -2.14977
6.5089 5.79761 0.550773 5.90132 1.74924 2.44765 6.43325 5.84038 0.498581 5.96702 1.683 2.4756
9.75451 1.49314 0.5567 2.71051 -0.36584 -0.63402 9.70398 1.40004 0.525793 2.63754 -0.372009 -0.582241
-0.646581 0.816237 -0.198193 -0.0748539 -0.128802 -0.162701 -0.588363 0.792341 -0.169524 -0.0855586 -0.124256 -0.176254
5.14573 11.9232 1.7155 6.79466 -0.809295 -1.50305 5.01953 11.8345 1.70054 6.83551 -0.824833 -1.53171
6.87908 1.65778 1.93922 1.69743 -1.07998 -4.00503 6.8738 1.5496 1.9433 1.66812 -1.09994 -4.03671
5.32735 0.213459 0.0737373 0.267076 -0.0275675 1.71523 5.3314 0.23894 0.0425771 0.257129 -0.0372571 1.68538
4.75165 0.322038 1.46835 1.85027 -0.168966 -0.0922212 4.76653 0.263794 1.53971 1.83622 -0.205377 -0.0744543
2.51523 0.357622 -0.127291 -0.0093027 0.0917309 0.888837 2.4556 0.376726 -0.136827 -0.0121557 0.125219 0.895386
-0.630048 4.4116 4.70109 0.403094 -0.649417 -0.430516 -0.79364 4.39844 4.67765 0.457943 -0.652846 -0.423554
8.12717 1.69631 1.41552 -1.87526 0.681554 -0.0824729 8.05153 1.7119 1.44596 -1.95393 0.624697 -0.0158986
0.292621 0.0517525 1.35384 0.0452544 0.242317 0.532941 0.235403 0.0160857 1.29721 0.110461 0.267687 0.546291
1.20035 0.912125 4.15489 0.23712 -1.27131 -0.440066 1.34008 0.863517 4.31795 0.265446 -1.21848 -0.415247
1.98407 0.19725 0.332583 0.195265 -0.159074 0.809362 1.97235 0.224891 0.238729 0.205159 -0.180234 0.826434
3.76757 8.7051 1.28288 6.16938 -4.05282 -3.35672 3.85313 8.71131 1.23198 6.00902 -4.06121 -3.41706
7.53186 0.755468 0.650721 0.786292 0.0640952 -0.931455 7.42967 0.716006 0.684557 0.829151 0.05673 -0.96998
1.84761 5.73562 0.320926 -1.49729 -1.20768 0.774982 1.80461 5.67307 0.214186 -1.44992 -1.22127 0.793014
2.53686 0.0770695 -1.28736 0.380169 0.407632 0.023873 2.4796 0.06356 -1.30528 0.401197 0.405969 0.0315157
0.302951 0.234533 0.915985 0.108456 0.671865 0.221966 0.35379 0.228806 0.871251 0.134233 0.691767 0.227271
1.01779 5.88 2.73144 2.53242 4.08868 2.13766 1.14571 5.92366 2.73064 2.54741 4.07381 2.20166
0.563679 3.61875 5.13752 0.510137 -2.20759 0.567125 0.367889 3.77478 5.19453 0.530373 -2.22897 0.571889
-0.999955 -0.941021 -0.270397 -0.183353 0.0484048 -0.293904 -1.00889 -0.97717 -0.201734 -0.162111 0.0581429 -0.308831
-0.362189 0.383445 2.36035 -0.149945 0.0480597 -0.216407 -0.308733 0.470149 2.37257 -0.140269 0.0624229 -0.209583
2.40674 -0.430529 1.41527 0.480278 -0.00778928 3.13713 2.41189 -0.258781 1.39615 0.468936 -0.02556 3.12089
2.61089 0.332812 1.82217 -0.973358 -0.183819 -0.207144 2.66481 0.348273 1.66031 -1.0321 -0.228596 -0.220371
2.26327 3.99621 1.26328 2.03604 0.179586 -0.674118 2.17445 3.93039 1.25675 2.04287 0.189863 -0.659114
2.922 1.23292 3.51352 3.02369 -0.475592 -1.47988 2.92247 1.26209 3.51261 3.01183 -0.460239 -1.46212
5.1552 1.48247 2.53179 -0.110893 -0.323632 0.723468 5.07052 1.4928 2.51406 -0.0668929 -0.323473 0.726186
0.283105 6.47188 2.65202 0.732308 -1.05678 0.202692 0.441691 6.54393 2.59109 0.655805 -1.23305 0.190195
2.22275 1.39834 0.65254 0.372625 -0.218631 -0.141135 2.13368 1.37992 0.635946 0.539316 -0.17235 -0.180291
4.00601 4.00538 3.12809 2.33294 0.187785 0.883418 4.00986 3.93476 3.06874 2.35809 0.221814 0.883061
9.10591 0.32447 1.41338 -0.855662 -0.168063 0.563481 9.07829 0.44046 1.42362 -0.868223 -0.191979 0.542369
0.392262 -0.0147129 0.796845 -0.199948 0.345197 -0.270874 0.435806 -0.052835 0.830026 -0.151306 0.338013 -0.308285
8.49084 1.53757 1.94763 -1.98885 -0.157919 1.44732 8.61989 1.52783 1.94227 -1.96245 -0.111349 1.46041
4.09446 2.56645 2.09161 -0.1719 -0.0908117 0.642725 4.09587 2.4448 2.08441 -0.269694 -0.0745314 0.618366
1.1169 2.9228 1.84002 -0.129629 0.858042 -1.41134 1.0651 2.91228 1.8967 -0.0990171 0.855964 -1.37576
-0.408626 -0.917451 -1.07181 0.634428 0.068896 -2.52117 -0.570579 -0.902143 -1.17013 0.662039 0.0785971 -2.63838
2.01744 2.53876 1.69199 1.25261 0.774513 0.408715 1.96337 2.44662 1.68574 1.16006 0.815337 0.421317
5.86277 2.97493 1.54028 0.471427 -0.199085 2.55776 5.52243 2.86546 1.47373 0.465285 -0.170678 2.60509
1.13013 1.91333 2.39709 0.491944 -0.734725 0.308556 1.06708 2.00556 2.45488 0.475559 -0.776817 0.308047
0.80665 1.49664 -0.309472 0.187454 -0.555394 0.126884 0.725959 1.47763 -0.368453 0.181974 -0.512393 0.151997
5.73038 -0.170561 -0.055127 0.144778 0.323294 -0.502927 5.69449 -0.109226 -0.147919 0.166586 0.317276 -0.520906
9.62451 0.392595 3.73436 -0.688756 0.3735 -3.38109 9.54143 0.432524 3.70996 -0.67752 0.396329 -3.40079
3.8116 1.41132 -0.923072 1.67184 0.0647605 0.0720351 3.78049 1.38204 -1.00822 1.68541 0.0633143 0.0651314
2.63837 7.37117 2.31084 3.65326 -2.12591 -0.474705 2.64094 7.38966 2.40405 3.61156 -2.12311 -0.384749
2.15716 -0.274971 1.49145 0.943648 0.304382 0.700751 2.17419 -0.328407 1.48955 0.953633 0.316781 0.694819
4.96572 0.3713 -0.797416 1.12698 0.399886 -0.273568 4.79188 0.475344 -1.04421 1.29569 0.385751 -0.25532
2.91393 14.6028 1.70724 6.24703 2.3898 0.954239 2.88348 14.5176 1.69025 6.17166 2.39419 0.916794
3.23313 9.75075 3.31095 2.98967 -3.05058 -1.52368 3.23984 9.67059 3.34286 3.02555 -3.00246 -1.49445
2.15255 1.26556 2.00158 -0.431112 -0.814291 -0.141892 2.23196 1.24247 2.00064 -0.456939 -0.816515 -0.137785
-2.01671 -1.61202 -1.27567 -4.52996e-07 -1.0561e-06 5.10854e-09 -2.0738 -1.62997 -1.25957 0 0 0
-0.0459363 0.8336 2.17425 0.110288 0.635048 0.273175 0.0342543 0.738113 2.14899 0.104516 0.595896 0.286041
1.59064 0.966873 0.230425 -0.0268291 -0.0384647 -0.23843 1.55379 0.985311 0.254977 -0.0218921 -0.0401 -0.242781
5.32073 1.73766 1.50411 2.61105 1.17971 2.45786 5.40733 1.83233 1.44857 2.6869 1.22701 2.47488
2.57585 3.81505 2.01615 -1.34717 2.66483 -1.50503 2.71887 3.91778 2.02194 -1.35535 2.6174 -1.47414
9.33662 -0.252226 -0.740286 0.739306 -0.0641955 2.56895 9.32226 -0.26408 -0.83388 0.720273 -0.0763686 2.55833
7.49354 4.14615 0.993136 4.7201 -0.531033 -0.980837 7.39717 4.19497 0.963307 4.682 -0.51338 -1.01065
1.29167 14.0622 2.68619 2.30015 2.65131 0.134003 1.21471 13.9915 2.65709 2.36816 2.68444 0.131709
2.76616 1.85175 0.947888 -0.448275 -0.124529 0.632023 2.67479 1.92657 0.972019 -0.469613 -0.149582 0.636936
4.12592 1.0357 0.205752 0.775763 0.389752 0.743027 4.11579 0.98665 0.200409 0.758574 0.380166 0.768643
1.4394 1.65969 2.78891 4.47681e-06 -3.50398e-08 -1.76882e-07 1.43399 1.67516 2.78644 0 0 0
0.115912 -0.754328 1.03949 0.208779 0.0547866 0.716692 0.102533 -0.717209 0.965207 0.203497 0.0703871 0.739411
0.396428 2.09029 0.430482 0.00817768 -0.242721 -0.35218 0.431567 1.96106 0.431513 0.0722943 -0.280953 -0.364124
3.24097 1.01666 3.07853 0.443027 0.42883 -0.999536 3.33542 0.990491 3.06208 0.481384 0.417021 -0.97993
4.0627 0.406474 2.33612 1.48435 0.298139 0.0636811 4.09832 0.20592 2.35986 1.45182 0.311904 0.0700471
5.47186 2.25524 2.86942 -1.4594 1.3525 -1.1053 5.4546 2.22473 2.86616 -1.42167 1.32716 -1.10659
0.743865 1.11914 4.64825 -0.259093 0.202219 -0.247397 0.813641 1.17238 4.60662 -0.303405 0.226346 -0.232922
1.61696 1.13681 0.87216 1.24433 3.42381 0.788216 1.61607 1.1873 0.603334 1.12156 3.44464 0.828076
2.55091 12.5856 2.1783 5.50874 2.18007 -0.0350563 2.60069 12.5185 2.12647 5.47797 2.21797 -0.0494886
3.82158 0.471412 1.29975 -0.168507 -0.601391 2.45789 3.75521 0.3949 1.21591 -0.197607 -0.633944 2.47557
1.29548 2.75793 1.68155 1.09961 1.59696 1.14697 1.31041 2.71707 1.70347 1.08147 1.61742 1.17882
-1.28898 -1.43744 1.75635 5.60853e-05 5.15298e-07 -9.51477e-08 -1.31966 -1.48265 1.71655 0 0 0
6.08482 0.890698 0.983645 -0.321529 -0.221596 -1.24033 6.05249 0.961007 0.917213 -0.377897 -0.17418 -1.33734
-0.526711 5.36701 0.922139 -0.10447 -2.28196 0.241305 -0.469413 5.4097 0.915114 -0.129407 -2.25485 0.229437
0.576873 6.24956 -0.0126358 1.88166 -0.90436 -0.343193 0.619836 6.31826 -0.0105657 1.85743 -0.89195 -0.335483
-0.283123 0.496821 1.40631 0.346293 -0.0546271 -0.528011 -0.263448 0.484602 1.42881 0.330734 -0.033155 -0.517335
1.51443 3.4271 -0.0483274 0.0728409 0.279433 0.433292 1.43709 3.53639 -0.0834186 0.0109257 0.273743 0.364224
8.88849 1.66019 2.17957 1.51541 -0.352637 -2.34 8.88834 1.55443 2.16943 1.46059 -0.367823 -2.33807
2.05595 3.17611 1.39856 -0.0908057 0.199457 -0.277886 2.1279 3.20066 1.34902 -0.0794557 0.203176 -0.282508
3.0432 1.22749 3.72869 -0.496512 -0.0566945 -0.28993 3.08161 1.37247 3.64934 -0.488709 -0.036205 -0.226104
-0.0464468 0.0454582 -0.38181 0.048348 0.043583 -0.155296 -0.0719176 0.00918111 -0.38585 0.0480132 0.0361946 -0.158795
6.54304 0.162972 0.918632 2.4814 -0.278271 1.78425 6.56196 0.194701 0.940906 2.42583 -0.266361 1.78335
2.06343 0.986365 2.7372 0.624281 0.00172917 -0.146945 2.12397 0.979674 2.69658 0.639793 -0.013155 -0.112255
12.3036 0.874951 1.7094 -0.514275 -0.496661 -1.23236 12.3174 1.02714 1.66584 -0.508571 -0.534293 -1.23673
3.15869 1.51052 1.363 2.22258 -0.759518 -1.68835 3.19615 1.56876 1.38342 2.20763 -0.751516 -1.67553
0.59826 2.47533 0.969509 -0.483913 0.00426338 0.0511527 0.665293 2.50043 0.83259 -0.568883 -0.0283357 0.0882686
1.69578 0.719425 -0.0693775 -0.66108 0.375429 -0.97999 1.69532 0.766117 -0.0717986 -0.669771 0.371987 -0.981569
-1.03251 -0.221225 1.71459 0.0738903 -0.00425225 0.136355 -1.06855 -0.153059 1.73291 0.08896 -0.00203286 0.0932014
6.08029 3.88248 1.53136 5.24027 -2.76693 -3.34208 5.94274 3.92464 1.5452 5.25417 -2.76669 -3.36257
1.28542 3.96714 1.45249 2.29091 1.76526 0.72414 1.27822 3.93449 1.44725 2.26202 1.79506 0.75908
0.078898 0.979193 2.33411 -0.475743 -0.44243 0.377206 0.0593343 1.02496 2.28479 -0.514969 -0.44341 0.38544
-1.05343 -1.17949 1.74927 0.183131 -0.45905 -0.364012 -1.0795 -1.17176 1.73222 0.160249 -0.462616 -0.373259
1.57785 1.80168 0.159533 1.89366 -0.152228 -0.0581523 1.65704 1.79734 0.157266 1.8209 -0.153641 -0.0703286
0.242768 1.96339 -0.222888 0.0275818 -2.75295 -1.25719 0.280244 1.91694 -0.400713 -0.0103443 -2.83122 -1.36272
4.08746 1.10921 1.94562 0.23749 -0.582008 0.275289 4.08325 1.17086 1.96448 0.279754 -0.570951 0.257175
0.874491 0.918205 -0.104552 -0.285207 0.220325 0.0655207 0.858127 0.963574 -0.172017 -0.227706 0.233987 -0.00718571
0.0265022 -0.011831 3.45012 -0.533755 0.195205 -0.138297 -0.0570529 -0.000351429 3.40348 -0.522281 0.15133 -0.121977
0.9397 4.15254 0.89993 0.540064 1.4696 0.115869 0.997125 4.04489 0.925345 0.609216 1.44689 0.0939021
0.938893 2.68548 2.0278 0.391741 2.32103 2.72345 0.90249 2.75736 2.10683 0.36095 2.22302 2.50943
0.657099 2.39997 1.15685 0.494271 -1.38751 -1.19105 0.554234 2.35283 1.16125 0.503893 -1.3865 -1.19775
0.364222 5.24891 -1.07803 1.74567 -1.64073 -0.60958 0.411837 5.2393 -1.17123 1.74879 -1.67851 -0.58507
0.42938 0.458422 5.12936 0.132428 -0.682297 1.11148 0.308006 0.468011 5.14039 0.0977307 -0.70734 1.13517
4.71023 1.47878 0.929086 -2.09608 0.181695 -0.527008 4.65721 1.48361 0.963071 -2.09031 0.149371 -0.5143
0.300105 0.015806 0.666861 0.174519 0.630061 -0.821594 0.292619 -0.00649143 0.647554 0.204107 0.612273 -0.810947
3.49467 1.56902 1.31051 -0.811439 0.147395 0.954575 3.50687 1.56196 1.2676 -0.779952 0.135167 0.915595
-0.177887 0.142988 1.58552 0.0582611 0.15128 -0.364383 -0.224191 0.146676 1.55921 0.0496943 0.171661 -0.335933
0.983785 1.02121 1.64344 0.0126012 1.31364 -1.1073 0.974777 1.14517 1.64498 0.03832 1.22479 -1.18339
3.07784 2.26612 2.19798 -1.68661 1.13095 -1.59556 3.08793 2.23451 2.16797 -1.72766 1.11672 -1.58619
1.83134 1.07423 1.09162 -0.298583 -0.00213165 0.304967 1.76376 1.15394 1.11132 -0.250019 -0.00194714 0.271265
1.07621 0.648568 1.30679 0.108584 1.15425 -0.261305 1.05566 0.569211 1.30123 0.103524 1.11585 -0.23655
1.83259 1.59944 1.23648 2.18238 0.950812 0.81332 1.89485 1.68331 1.21908 2.23106 0.926737 0.85059
0.187539 3.17423 -1.05556 -0.487586 -1.81889 0.177867 0.349831 3.19116 -1.12251 -0.50471 -1.81658 0.187966
1.5121 0.059301 1.46262 -0.507115 0.0681368 0.620365 1.55369 0.0938157 1.51395 -0.498403 0.0594557 0.638203
2.53306 3.41823 2.03058 2.14763 1.92823 1.30604 2.40531 3.42767 1.97611 2.19281 1.97852 1.24751
1.93522 1.30407 0.931929 0.422468 -0.232951 -1.07063 1.92025 1.28486 0.889826 0.36726 -0.242337 -1.0274
1.95422 0.891707 0.0614806 -0.112976 0.0472717 0.120443 1.93289 0.971547 -0.156884 -0.13569 0.0907386 0.111114
1.49652 0.260937 2.19566 -0.768403 0.965308 0.657725 1.48169 0.36086 2.17722 -0.735631 0.960589 0.642757
0.851014 1.26208 -1.69776 -0.463164 -0.795324 -0.19939 0.843203 1.24931 -1.80299 -0.426587 -0.776536 -0.209874
9.11367 0.480832 0.865853 -0.944686 -0.158537 1.73411 9.18392 0.430129 0.807027 -0.919917 -0.152361 1.75908
2.51018 2.15942 2.71514 -0.0254964 0.398888 -0.311682 2.54285 2.04876 2.73523 0.0207729 0.499449 -0.32542
2.47193 0.666866 2.10802 1.62698 -0.419328 -0.977745 2.45715 0.620691 2.09766 1.59896 -0.422273 -0.974509
0.00693916 -0.685947 -0.00271852 0.356248 2.32301 -0.0912339 0.0282929 -0.748983 -0.0251186 0.376796 2.34081 -0.113597
1.88373 2.87032 3.10173 -1.07161 0.249845 -1.3787 1.98589 2.97523 3.09517 -1.23523 0.380911 -1.43735
0.47251 1.64301 -0.0846552 0.327208 1.04354 0.135533 0.546475 1.68051 -0.106174 0.351009 1.00211 0.119144
-0.838049 -0.293965 1.00972 -0.128507 -0.110635 -0.0304873 -0.836485 -0.357787 0.970804 -0.125542 -0.121078 -0.0342329
3.03108 2.26049 1.80441 0.895356 0.181799 0.363635 3.01258 2.21639 1.84371 0.929456 0.286153 0.359036
-0.668417 4.94739 -0.952001 0.353061 -0.999361 0.0795477 -0.564917 5.00829 -0.954719 0.311806 -0.985291 0.0771971
1.45652 0.168093 0.333495 -0.20233 0.09039 0.117173 1.3179 0.126089 0.39779 -0.210116 0.0748107 0.120714
0.907133 2.26158 -0.0535104 0.522031 0.577175 0.271339 0.85076 2.24737 -0.132739 0.510314 0.58528 0.285671
2.37788 3.74342 1.10675 2.28266 1.99422 1.10858 2.32666 3.73109 1.05096 2.28201 2.00171 1.10492
0.589663 0.0164402 3.16339 -0.268427 -1.23319 1.0556 0.659271 0.0591443 3.11706 -0.3371 -1.15049 1.08176
2.9419 1.60806 1.75636 1.12271 -0.327263 0.285531 2.96379 1.63142 1.77334 1.17517 -0.360445 0.251102
2.20009 1.01438 1.99083 0.346736 1.88721 1.95196 2.22367 1.02074 2.09174 0.367866 1.87812 1.94191
2.44117 3.41401 1.10436 2.8762 1.81555 1.02388 2.43506 3.46256 1.05984 2.80817 1.80081 1.02544
0.890384 1.62781 -0.0818077 0.923182 0.942188 0.262369 0.895847 1.61128 -0.0616371 0.898576 0.951873 0.251579
1.34633 0.735072 1.38982 0.000121007 1.88853e-06 1.61851e-07 1.35552 0.685709 1.34292 0.000125714 0 0
0.954798 0.544278 3.86356 -0.655512 0.220661 0.969101 0.924093 0.538833 3.85085 -0.657104 0.263619 0.957098
0.539882 0.144341 4.96823 0.141718 -0.307683 0.713272 0.501383 0.202874 4.94615 0.124931 -0.406779 0.662392
2.74816 -0.315711 0.217285 -1.81293 -0.709565 0.87255 2.8354 -0.340204 0.21744 -1.83246 -0.737664 0.849936
2.6411 1.73335 0.934551 0.264849 -0.381228 -0.892712 2.48762 1.80867 0.921448 0.205951 -0.404934 -0.865581
1.32207 1.30803 -0.480559 0.235802 0.188268 -0.0384023 1.32478 1.2875 -0.481904 0.240056 0.188044 -0.0457393
3.53508 0.543873 1.81309 1.66367 0.363103 1.28125 3.63111 0.532923 1.81205 1.63772 0.358456 1.26331
0.123699 0.232609 -0.668787 0.0481211 -0.36183 0.115455 0.137956 0.250468 -0.70263 0.0821348 -0.369814 0.113212
1.82013 0.976974 1.18714 0.405728 -0.122368 0.365484 1.78267 1.02012 1.14125 0.392761 -0.077955 0.366238
3.39447 -0.353236 1.02752 -0.38014 -0.110914 -1.97162 3.46369 -0.295814 1.00798 -0.383047 -0.159144 -1.99155
4.26655 1.53293 1.2066 -2.03269 -0.516222 0.0311872 4.379 1.52142 1.1933 -2.02426 -0.575416 -0.00558429
0.661536 2.86468 0.639659 0.255022 -0.0613043 0.379482 0.70845 2.96808 0.678191 0.263301 -0.0674879 0.348289
1.09768 1.69427 1.40329 -0.199371 0.1808 -0.0710715 1.11334 1.63699 1.37231 -0.161525 0.200241 -0.0602293
1.14667 1.32412 0.318658 -0.0295964 -0.367525 0.763436 1.18883 1.30499 0.343659 -0.0413186 -0.361504 0.767699
1.88319 0.9255 0.560386 -0.227442 0.228768 -0.388171 1.91072 1.04167 0.592104 -0.286686 0.250458 -0.377169
-0.583266 0.262033 -0.320328 0.249612 0.285334 -0.126341 -0.532641 0.279875 -0.305645 0.270759 0.296764 -0.130922
0.673181 1.10706 5.36837 -0.614733 1.04345 -0.853706 0.676833 1.19708 5.35861 -0.546603 1.01313 -0.853603
1.81578 0.655807 3.59897 -0.0360273 0.484554 -0.288307 1.75145 0.618688 3.5362 -0.0676793 0.473717 -0.295186
-0.213029 1.03447 0.594152 0.0189178 -0.107232 0.116366 -0.217428 1.1457 0.604289 -0.0136979 -0.115377 0.137219
0.708579 2.01035 0.541909 0.766339 0.0940977 -0.0503018 0.721493 1.97466 0.562339 0.7179 0.111224 -0.0340186
2.2301 0.283701 0.990505 -0.385254 -0.197979 0.56864 2.3866 0.382473 1.00302 -0.371099 -0.185759 0.570277
1.2697 0.450235 1.16385 0.0758971 0.186827 -0.931009 1.28205 0.446554 1.14683 0.0767943 0.193427 -0.94286
-0.138828 0.814804 0.381287 0.210532 -0.497195 0.333013 -0.19277 0.821 0.35602 0.175337 -0.492704 0.332444
1.12397 1.70659 0.177501 -0.533947 0.119404 0.0245829 1.0123 1.72071 0.144629 -0.505871 0.106348 0.0234943
2.45229 1.16932 1.37183 1.3935 -0.523999 0.362777 2.48474 1.14363 1.34984 1.39974 -0.521283 0.366424
1.52153 0.504319 1.48571 0.552102 -0.412671 0.160668 1.51749 0.480221 1.40429 0.488043 -0.457804 0.141544
4.44161 -0.618726 0.314752 -0.185646 -0.340045 0.145839 4.54466 -0.514479 0.269157 -0.180427 -0.350856 0.141136
0.29542 1.02069 1.55568 -0.685106 0.174777 -0.374752 0.3369 0.990635 1.52315 -0.667664 0.174165 -0.388139
0.735247 0.200241 1.72668 0.704544 0.79969 0.356002 0.80946 0.251981 1.67281 0.726674 0.87839 0.392384
2.36214 1.06226 1.32863 -0.367811 0.814336 -1.10275 2.36847 1.12878 1.38287 -0.410827 0.841653 -1.12599
1.22421 1.26527 -0.486645 -2.12825e-06 -7.2654e-08 -1.07614e-07 1.24271 1.28608 -0.494328 0 0 0
1.9549 0.896207 1.33793 1.38358 -0.524633 -0.313308 1.95257 0.902356 1.35004 1.37991 -0.494833 -0.344329
-0.345265 -0.42937 0.775811 0.0306865 0.0128085 0.445276 -0.292257 -0.412577 0.767681 0.0676929 -0.00847286 0.482276
0.652042 0.739279 -1.47904 0.0109392 0.091484 -0.0160969 0.67807 0.76198 -1.54665 0.0262414 0.09879 -0.0245886
1.25583 -0.490743 1.48623 -0.279699 -1.37799 -2.56931 1.25183 -0.59082 1.5312 -0.320949 -1.40662 -2.58151
1.74113 3.77827 1.67775 2.14745 1.3815 0.673211 1.78822 3.81131 1.63979 2.17326 1.38542 0.639926
4.77796 0.250206 1.31509 -0.511162 -0.626957 2.15818 4.77442 0.204207 1.32671 -0.492361 -0.629406 2.18427
1.63956 0.259851 0.941951 0.208429 0.50268 0.214772 1.61667 0.220981 0.997106 0.206286 0.563601 0.143174
0.0432927 -0.386068 1.58878 0.0521513 -0.0940514 -0.0615781 0.0180543 -0.451283 1.57286 0.0599457 -0.0948571 -0.0678586
0.0432928 1.70594 0.290352 -0.264135 0.63382 -0.352766 0.0522371 1.78168 0.341164 -0.208979 0.661363 -0.33636
1.28706 1.86049 2.20532 0.301044 0.824515 -0.429747 1.28219 1.8235 2.21628 0.262071 0.824794 -0.39832
-0.290075 0.9778 -0.0946421 -0.295063 -0.577522 0.263267 -0.230446 0.968572 -0.0888486 -0.300454 -0.561789 0.278114
2.32919 1.70697 0.787171 -0.250991 0.133748 -0.178663 2.20105 1.66374 0.74639 -0.21047 0.0980757 -0.18881
1.27364 1.74278 1.19863 -0.305834 -0.501378 -0.117562 1.33654 1.71961 1.15855 -0.290064 -0.510253 -0.122666
1.40344 0.0863356 1.34905 -0.00136501 -0.564726 -0.48848 1.42263 0.0592543 1.3426 -0.0239193 -0.580694 -0.466579
2.57044 1.96421 2.0256 -0.0292726 0.161199 -0.0066984 2.53471 2.02031 1.99177 -0.0162675 0.17994 -0.0050475
-0.162611 -0.366349 0.307252 -0.403264 0.212236 -0.211296 -0.19181 -0.355307 0.363526 -0.430119 0.21825 -0.202803
-0.000582859 -1.53133 -1.22979 -3.83109e-07 -1.69519e-07 4.50776e-08 0.0447407 -1.51372 -1.19403 0 0 0
3.88725 1.28488 1.07104 1.60365 -0.35964 -0.789594 3.91139 1.27151 1.03495 1.60504 -0.381961 -0.827724
-0.754921 0.0551646 -0.753178 -0.0414534 0.098914 0.0823633 -0.709864 0.0776636 -0.756965 -0.047505 0.0939811 0.0852489
-0.476007 1.2297 1.71592 -0.174504 0.228689 -0.112956 -0.348909 1.08167 1.72522 -0.168772 0.204307 -0.157229
-0.104494 -0.447319 0.853731 0.413188 -0.181512 -0.288521 -0.202749 -0.392213 0.83178 0.353713 -0.152001 -0.258231
1.76662 0.464506 1.21593 -0.316636 1.27937 0.897224 1.70405 0.418763 1.26556 -0.281057 1.25892 0.857769
0.914148 -0.390988 0.756666 0.560714 0.800213 0.00732228 0.891513 -0.478413 0.730367 0.565903 0.798627 0.0353457
1.72255 2.11801 1.1181 0.0743042 -1.09127 0.237432 1.7099 2.16382 1.10458 0.0567593 -1.1079 0.253079
0.978306 4.26298 2.38541 0.756788 -1.68296 -0.79667 0.888009 4.26778 2.44115 0.689927 -1.66833 -0.773583
-1.08072 -0.73593 0.569345 0.00373332 0.091026 -0.0621002 -1.11862 -0.69714 0.577933 0.0196343 0.0851271 -0.05476
1.12751 1.81235 2.82779 0.400311 0.0201794 0.209031 1.18494 1.84314 2.85568 0.367179 -0.02281 0.195144
1.19747 0.621888 1.31659 -0.157745 0.106832 -0.113986 1.18751 0.604258 1.30709 -0.141706 0.102877 -0.125789
-1.11056 -1.34958 1.3402 -3.09408e-05 -5.9327e-07 -2.94163e-07 -1.11608 -1.35721 1.32696 -0 0 0
2.43152 2.51792 -0.0221084 0.0449123 0.299827 -0.0925373 2.64671 2.56889 -0.0555229 0.0277879 0.281424 -0.111137
2.4739 0.151107 1.4924 -0.785284 -0.27518 1.48293 2.51921 0.138861 1.45581 -0.805059 -0.295774 1.47967
1.52644 1.72945 1.02033 -0.445067 -1.158 1.20706 1.55957 1.686 1.04613 -0.477876 -1.16907 1.21268
0.668879 1.40446 0.987364 -0.32344 0.279846 -0.0888114 0.715983 1.32693 1.01419 -0.347651 0.267236 -0.0961371
-0.690693 0.18531 1.86826 -0.169067 -0.213226 -0.067668 -0.684921 0.156564 1.81283 -0.148454 -0.221486 -0.09344
1.09316 1.65134 0.56738 0.234476 0.222251 -0.11562 1.12003 1.6648 0.540951 0.255073 0.201437 -0.06608
1.05309 0.736671 0.934883 0.310708 0.245738 0.668524 1.0667 0.853829 0.965447 0.328915 0.225139 0.658324
0.795659 0.305901 0.666754 -1.14529 -0.359357 0.789554 0.851929 0.317276 0.682651 -1.07432 -0.340066 0.761986
1.28569 0.194599 0.00304161 0.577805 0.615964 -0.77485 1.31418 0.208131 0.0106214 0.551873 0.616017 -0.778807
0.758673 2.74302 0.187203 -0.773779 -0.371787 -0.0440701 0.792429 2.62206 0.173667 -0.780936 -0.356493 -0.0451286
-0.356586 -1.07492 0.691871 1.06744 0.425384 2.9395 -0.554739 -0.933344 0.563189 1.05531 0.380886 2.99083
0.137833 1.8114 1.49755 0.00554131 -0.0983842 0.0330206 0.209121 1.74352 1.45374 0.0204486 -0.0999575 0.0334346
2.2937 2.37683 -0.0194271 0.065221 0.0716053 0.18961 2.35623 2.42814 -0.0566975 0.0655057 0.0746982 0.188272
-1.34046 -1.49502 0.112509 -0.0184042 -0.0362528 0.077551 -1.39151 -1.50158 0.0835264 -0.00568429 -0.0373957 0.0785286
1.31223 -0.32867 3.564 -0.609191 -0.384895 -0.254106 1.25117 -0.308199 3.53282 -0.656751 -0.410201 -0.226061
-1.16702 0.261137 0.42026 -0.246941 0.197117 -0.210638 -1.08289 0.185476 0.439106 -0.213971 0.204542 -0.226674
0.680683 1.11551 1.97759 -0.547965 0.281414 0.351503 0.700202 1.09067 1.92033 -0.540616 0.30483 0.342829
2.59366 3.12313 2.49609 1.45298 -1.29581 3.61625 2.69226 3.21198 2.5082 1.35153 -1.20704 3.68445
0.668755 1.19892 0.0767617 -1.00294 -0.152096 0.638985 0.73623 1.22722 0.0453571 -1.03479 -0.138266 0.661301
0.496956 2.07975 2.05774 -0.620801 -1.12116 0.000395292 0.580222 2.02123 2.0766 -0.570875 -1.07381 -0.0262193
1.8746 2.3524 0.748032 0.944065 0.166659 -1.19095 1.91401 2.2606 0.786146 0.990763 0.172453 -1.21601
3.67629 0.977656 0.128569 1.65727 -0.981062 -1.55185 3.66515 0.956157 0.0976343 1.64068 -0.977987 -1.54081
1.0389 -0.877946 0.370651 0.00191809 0.00653729 -0.0748503 1.09364 -0.896517 0.35662 0.000527143 0.01762 -0.08841
0.738132 0.17723 0.570644 -0.0534396 0.389402 -0.43185 0.772808 0.125002 0.529844 -0.0236893 0.388558 -0.451406
0.233572 -0.210034 0.0222742 0.0322695 -0.215879 -0.0410465 0.214676 -0.194237 0.0541186 0.08352 -0.218559 -0.0672043
0.83222 2.70413 0.69332 0.110186 1.13129 -0.870771 0.871907 2.69742 0.648333 0.08252 1.12075 -0.862381
0.900914 0.414493 0.301944 -0.0667049 -0.124521 0.178941 0.93801 0.429147 0.280882 -0.0708157 -0.12 0.174774
2.34762 1.10992 0.642445 0.252548 -0.126446 -0.191152 2.38203 1.09398 0.623189 0.238171 -0.127389 -0.19673
0.0338538 -1.25163 0.763533 -0.843778 1.16685 -2.25039 0.005935 -1.30766 0.803241 -0.842152 1.16869 -2.24573
0.419733 2.62568 1.15256 -0.00397777 -0.0303753 -0.071857 0.416614 2.61311 1.18704 -0.0233643 -0.0108771 -0.0650243
0.382669 -0.346124 1.76168 -0.204167 0.638573 0.837248 0.383508 -0.269149 1.77885 -0.202864 0.619489 0.799001
1.43294 -0.348196 2.13714 -0.86563 0.134998 -0.390383 1.44564 -0.396571 2.14984 -0.905601 0.17346 -0.3911
-0.00639653 0.360316 2.00042 -0.279954 0.0832761 -0.406774 -0.0673714 0.299409 2.00241 -0.319871 0.0574971 -0.39017
-0.159084 1.68386 1.14611 -0.157898 -0.453742 0.0340886 -0.197609 1.63868 1.24787 -0.145922 -0.591878 0.00213643
-0.835157 -0.643864 0.152117 -0.0114909 0.149879 -0.189946 -0.84397 -0.66625 0.141857 -0.01852 0.165944 -0.19011
-0.297654 0.966247 0.39737 -0.173481 0.157114 -0.212485 -0.3167 0.95173 0.391101 -0.171253 0.166509 -0.213027
1.1867 3.41394 1.23156 0.306152 -0.610883 -0.183009 1.14486 3.38211 1.21906 0.285054 -0.61023 -0.172243
1.65117 2.28791 1.42296 1.54355 -0.336786 -0.347986 1.67498 2.1667 1.39626 1.45302 -0.351841 -0.353673
3.00213 0.411677 0.775675 0.11225 0.442982 -1.40006 2.89379 0.414916 0.788777 0.0317429 0.458934 -1.39178
-1.09964 0.329335 -0.329021 -0.000743022 0.022486 -0.0213621 -1.10425 0.266654 -0.34402 -0.0206471 0.0324679 -0.0200721
2.16715 1.64851 0.78499 -1.07966 -0.585128 0.477588 2.22217 1.57627 0.739567 -1.11678 -0.597131 0.469834
1.28608 1.10139 0.178709 -0.470991 1.10849 -1.12848 1.25736 1.11052 0.170397 -0.361736 1.09063 -1.1131
0.658784 1.62181 1.22209 0.205986 0.541829 0.136842 0.682549 1.58404 1.20468 0.182914 0.551694 0.128444
-0.570749 -0.136394 0.515948 -0.195211 0.242424 -0.635226 -0.581639 -0.118314 0.548221 -0.204366 0.234234 -0.643904
1.48284 0.17636 0.745735 0.321131 -1.57076 -1.2676 1.51777 0.171791 0.78901 0.333877 -1.55724 -1.25769
0.648174 -0.529992 1.92459 0.277469 0.298032 -0.0460129 0.58181 -0.528117 1.89403 0.257171 0.312527 -0.05462
1.0875 0.887873 -0.673516 0.959813 0.497251 0.14781 1.08341 0.881434 -0.747881 0.955634 0.483147 0.153597
1.1365 1.51825 0.60325 -0.144421 0.24852 -0.647474 1.18325 1.47239 0.609599 -0.188068 0.259558 -0.630301
0.495744 0.39451 0.834009 -0.481091 2.41293 -0.470535 0.541377 0.414884 0.818023 -0.454983 2.40195 -0.461266
-0.0635128 -0.816419 0.289857 0.098216 0.261953 -0.343804 -0.0921057 -0.783521 0.314556 0.142057 0.255256 -0.339564
-0.242894 2.50221 1.18524 0.672588 -3.5369 -0.5151 -0.0551143 2.45588 1.05393 0.644593 -3.60636 -0.512597
3.54726 1.03025 0.921738 0.463373 -0.529642 -1.13577 3.59332 1.02729 0.880152 0.502685 -0.514762 -1.1104
0.549766 -0.719954 2.9938 0.00324273 0.878353 0.32756 0.575719 -0.747529 2.97309 0.00641857 0.866523 0.324267
0.469806 0.669712 -1.03886 0.103658 0.127753 -0.188184 0.483004 0.643919 -1.07546 0.1051 0.143607 -0.194687
3.1824 1.1489 -0.105663 -1.7475 -0.158661 0.304212 3.16024 1.19092 -0.0634957 -1.81026 -0.136029 0.264094
1.616 2.2769 1.95692 -1.64258 -0.365984 3.14629 1.55014 2.36053 1.8868 -1.62852 -0.340431 3.2194
0.954625 -0.446629 -0.745816 0.192931 0.114923 0.0198265 0.987823 -0.460801 -0.746094 0.177899 0.124624 0.0163864
1.55751 3.20619 1.1308 -0.329329 0.940305 -0.468291 1.60475 3.12473 1.0633 -0.313034 0.922327 -0.473823
-0.383117 1.34304 2.88723 0.131594 -0.0872134 0.41106 -0.302466 1.35374 2.99419 0.146937 -0.0565714 0.458978
0.207587 0.0857383 -0.328073 -0.182631 0.217301 0.000387169 0.166899 0.00292571 -0.300493 -0.210009 0.223319 0.0119229
-0.465146 0.328625 0.0150689 -0.50437 0.201188 -0.111115 -0.477429 0.337729 0.0220557 -0.485341 0.201617 -0.105123
2.30313 3.56824 1.00557 1.50679 -1.70167 -0.689582 2.26731 3.60211 0.942899 1.52184 -1.69497 -0.660733
-0.938325 -0.0116447 1.84062 0.158259 0.094163 0.336156 -0.984893 -0.0389 1.83452 0.168486 0.119014 0.34804
0.461006 2.21962 1.32352 1.20576 0.469084 0.965227 0.437493 2.24169 1.33671 1.18008 0.455079 0.96047
1.0761 1.96393 0.654554 -0.0790849 -0.523012 -0.589923 1.07221 2.01939 0.661853 -0.0877986 -0.498249 -0.636354
0.699512 0.81013 -0.49829 8.67336e-05 -9.67903e-07 -8.59541e-08 0.683411 0.80468 -0.523169 0.000114286 0 0
1.28839 2.05831 0.630287 0.170693 1.18545 -0.252904 1.34629 2.03735 0.599611 0.125396 1.18406 -0.23333
0.133254 0.268536 -0.0150002 -0.0773999 -0.257656 -0.00761792 0.118787 0.248391 -0.00554349 -0.0805252 -0.264144 0.00458079
-0.115617 0.546754 -0.16472 -0.145876 -0.0157375 -0.150269 -0.0813929 0.577054 -0.182676 -0.203647 -0.00167143 -0.153263
-0.962393 -0.62375 -0.0894038 0.188242 0.0418579 -0.356693 -0.966389 -0.630243 -0.0884629 0.184445 0.0367086 -0.360729
-1.61632 -1.15699 0.248582 0.388757 2.29223 -0.196339 -1.70222 -1.31131 0.248227 0.443809 2.3237 -0.230687
1.33582 0.114371 -0.0868109 1.09183 -0.397336 -0.446542 1.21787 0.139944 -0.0799 1.1105 -0.411979 -0.430114
1.42959 2.20684 0.511757 0.290051 -0.157365 -0.259201 1.47223 2.29096 0.539104 0.227923 -0.154099 -0.240719
0.590361 2.11693 1.65338 0.996524 0.693189 0.147114 0.563525 2.05288 1.65954 0.933353 0.70882 0.146226
0.697634 -0.445651 0.0717633 0.195906 0.255274 0.00644311 0.670855 -0.41427 0.0629971 0.18462 0.251638 0.000715714
1.09255 2.05069 0.069611 0.404948 1.86881 1.88045 1.09732 2.07107 0.0395729 0.404654 1.8996 1.8827
